task=human_or_worm model=ph folds=5 epochs=30 head_batch=512 feat_batch=128 lr=0.001 device=mps smoke=False
paper Table 1 (full fine-tune): 0.973 ± 0.001
  (we are running a frozen-backbone linear probe — expect lower numbers)
loaded 100,000 sequences, seq_len=200
pretokenized in 4.1s, ids shape=(100000, 201)
loading kuleshov-group/caduceus-ph_seqlen-1k_d_model-118_n_layer-4_lr-8e-3...
  features:     128/100,000  (  272 ex/s, eta 367.7s)
  features:   1,408/100,000  (  325 ex/s, eta 303.6s)
  features:   2,688/100,000  (  328 ex/s, eta 296.4s)
  features:   3,968/100,000  (  330 ex/s, eta 291.3s)
  features:   5,248/100,000  (  330 ex/s, eta 286.8s)
  features:   6,528/100,000  (  331 ex/s, eta 282.6s)
  features:   7,808/100,000  (  331 ex/s, eta 278.4s)
  features:   9,088/100,000  (  331 ex/s, eta 274.4s)
  features:  10,368/100,000  (  332 ex/s, eta 270.4s)
  features:  11,648/100,000  (  332 ex/s, eta 266.5s)
  features:  12,928/100,000  (  332 ex/s, eta 262.6s)
  features:  14,208/100,000  (  332 ex/s, eta 258.6s)
  features:  15,488/100,000  (  332 ex/s, eta 254.7s)
  features:  16,768/100,000  (  332 ex/s, eta 250.8s)
  features:  18,048/100,000  (  332 ex/s, eta 246.9s)
  features:  19,328/100,000  (  332 ex/s, eta 243.1s)
  features:  20,608/100,000  (  332 ex/s, eta 239.2s)
  features:  21,888/100,000  (  332 ex/s, eta 235.3s)
  features:  23,168/100,000  (  332 ex/s, eta 231.4s)
  features:  24,448/100,000  (  332 ex/s, eta 227.5s)
  features:  25,728/100,000  (  332 ex/s, eta 223.7s)
  features:  27,008/100,000  (  332 ex/s, eta 219.8s)
  features:  28,288/100,000  (  332 ex/s, eta 215.9s)
  features:  29,568/100,000  (  332 ex/s, eta 212.1s)
  features:  30,848/100,000  (  332 ex/s, eta 208.2s)
  features:  32,128/100,000  (  332 ex/s, eta 204.3s)
  features:  33,408/100,000  (  332 ex/s, eta 200.5s)
  features:  34,688/100,000  (  332 ex/s, eta 196.6s)
  features:  35,968/100,000  (  332 ex/s, eta 192.8s)
  features:  37,248/100,000  (  332 ex/s, eta 188.9s)
  features:  38,528/100,000  (  332 ex/s, eta 185.1s)
  features:  39,808/100,000  (  332 ex/s, eta 181.2s)
  features:  41,088/100,000  (  332 ex/s, eta 177.4s)
  features:  42,368/100,000  (  332 ex/s, eta 173.5s)
  features:  43,648/100,000  (  332 ex/s, eta 169.7s)
  features:  44,928/100,000  (  332 ex/s, eta 165.8s)
  features:  46,208/100,000  (  332 ex/s, eta 162.0s)
  features:  47,488/100,000  (  332 ex/s, eta 158.2s)
  features:  48,768/100,000  (  332 ex/s, eta 154.3s)
  features:  50,048/100,000  (  332 ex/s, eta 150.5s)
  features:  51,328/100,000  (  332 ex/s, eta 146.6s)
  features:  52,608/100,000  (  332 ex/s, eta 142.8s)
  features:  53,888/100,000  (  332 ex/s, eta 139.0s)
  features:  55,168/100,000  (  332 ex/s, eta 135.1s)
  features:  56,448/100,000  (  332 ex/s, eta 131.2s)
  features:  57,728/100,000  (  332 ex/s, eta 127.4s)
  features:  59,008/100,000  (  332 ex/s, eta 123.5s)
  features:  60,288/100,000  (  332 ex/s, eta 119.7s)
  features:  61,568/100,000  (  332 ex/s, eta 115.8s)
  features:  62,848/100,000  (  332 ex/s, eta 111.9s)
  features:  64,128/100,000  (  332 ex/s, eta 108.1s)
  features:  65,408/100,000  (  332 ex/s, eta 104.2s)
  features:  66,688/100,000  (  332 ex/s, eta 100.4s)
  features:  67,968/100,000  (  332 ex/s, eta  96.5s)
  features:  69,248/100,000  (  332 ex/s, eta  92.7s)
  features:  70,528/100,000  (  332 ex/s, eta  88.8s)
  features:  71,808/100,000  (  332 ex/s, eta  85.0s)
  features:  73,088/100,000  (  332 ex/s, eta  81.1s)
  features:  74,368/100,000  (  332 ex/s, eta  77.2s)
  features:  75,648/100,000  (  332 ex/s, eta  73.4s)
  features:  76,928/100,000  (  332 ex/s, eta  69.5s)
  features:  78,208/100,000  (  332 ex/s, eta  65.7s)
  features:  79,488/100,000  (  332 ex/s, eta  61.8s)
  features:  80,768/100,000  (  332 ex/s, eta  57.9s)
  features:  82,048/100,000  (  332 ex/s, eta  54.1s)
  features:  83,328/100,000  (  332 ex/s, eta  50.2s)
  features:  84,608/100,000  (  332 ex/s, eta  46.4s)
  features:  85,888/100,000  (  332 ex/s, eta  42.5s)
  features:  87,168/100,000  (  332 ex/s, eta  38.7s)
  features:  88,448/100,000  (  332 ex/s, eta  34.8s)
  features:  89,728/100,000  (  332 ex/s, eta  31.0s)
  features:  91,008/100,000  (  332 ex/s, eta  27.1s)
  features:  92,288/100,000  (  332 ex/s, eta  23.2s)
  features:  93,568/100,000  (  332 ex/s, eta  19.4s)
  features:  94,848/100,000  (  332 ex/s, eta  15.5s)
  features:  96,128/100,000  (  332 ex/s, eta  11.7s)
  features:  97,408/100,000  (  332 ex/s, eta   7.8s)
  features:  98,688/100,000  (  332 ex/s, eta   4.0s)
  features:  99,968/100,000  (  332 ex/s, eta   0.1s)
features shape: (100000, 118)
[human_or_worm PH fold 1/5] epoch 1/30  train_loss=0.6863  val_loss=0.6684  val_acc=0.6204  (0.3s)
[human_or_worm PH fold 1/5] epoch 2/30  train_loss=0.6574  val_loss=0.6471  val_acc=0.6343  (0.2s)
[human_or_worm PH fold 1/5] epoch 3/30  train_loss=0.6411  val_loss=0.6336  val_acc=0.6495  (0.2s)
[human_or_worm PH fold 1/5] epoch 4/30  train_loss=0.6292  val_loss=0.6226  val_acc=0.6609  (0.2s)
[human_or_worm PH fold 1/5] epoch 5/30  train_loss=0.6187  val_loss=0.6125  val_acc=0.6737  (0.2s)
[human_or_worm PH fold 1/5] epoch 6/30  train_loss=0.6093  val_loss=0.6038  val_acc=0.6835  (0.2s)
[human_or_worm PH fold 1/5] epoch 7/30  train_loss=0.6005  val_loss=0.5951  val_acc=0.6931  (0.2s)
[human_or_worm PH fold 1/5] epoch 8/30  train_loss=0.5923  val_loss=0.5873  val_acc=0.7018  (0.2s)
[human_or_worm PH fold 1/5] epoch 9/30  train_loss=0.5849  val_loss=0.5803  val_acc=0.7102  (0.2s)
[human_or_worm PH fold 1/5] epoch 10/30  train_loss=0.5780  val_loss=0.5737  val_acc=0.7192  (0.2s)
[human_or_worm PH fold 1/5] epoch 11/30  train_loss=0.5718  val_loss=0.5677  val_acc=0.7258  (0.2s)
[human_or_worm PH fold 1/5] epoch 12/30  train_loss=0.5660  val_loss=0.5624  val_acc=0.7321  (0.2s)
[human_or_worm PH fold 1/5] epoch 13/30  train_loss=0.5608  val_loss=0.5573  val_acc=0.7389  (0.2s)
[human_or_worm PH fold 1/5] epoch 14/30  train_loss=0.5561  val_loss=0.5530  val_acc=0.7433  (0.2s)
[human_or_worm PH fold 1/5] epoch 15/30  train_loss=0.5518  val_loss=0.5489  val_acc=0.7497  (0.2s)
[human_or_worm PH fold 1/5] epoch 16/30  train_loss=0.5479  val_loss=0.5453  val_acc=0.7536  (0.2s)
[human_or_worm PH fold 1/5] epoch 17/30  train_loss=0.5445  val_loss=0.5422  val_acc=0.7547  (0.2s)
[human_or_worm PH fold 1/5] epoch 18/30  train_loss=0.5414  val_loss=0.5392  val_acc=0.7604  (0.2s)
[human_or_worm PH fold 1/5] epoch 19/30  train_loss=0.5387  val_loss=0.5367  val_acc=0.7632  (0.2s)
[human_or_worm PH fold 1/5] epoch 20/30  train_loss=0.5364  val_loss=0.5346  val_acc=0.7630  (0.2s)
[human_or_worm PH fold 1/5] epoch 21/30  train_loss=0.5342  val_loss=0.5327  val_acc=0.7641  (0.2s)
[human_or_worm PH fold 1/5] epoch 22/30  train_loss=0.5324  val_loss=0.5309  val_acc=0.7675  (0.2s)
[human_or_worm PH fold 1/5] epoch 23/30  train_loss=0.5308  val_loss=0.5295  val_acc=0.7692  (0.2s)
[human_or_worm PH fold 1/5] epoch 24/30  train_loss=0.5294  val_loss=0.5282  val_acc=0.7711  (0.2s)
[human_or_worm PH fold 1/5] epoch 25/30  train_loss=0.5283  val_loss=0.5272  val_acc=0.7709  (0.2s)
[human_or_worm PH fold 1/5] epoch 26/30  train_loss=0.5273  val_loss=0.5263  val_acc=0.7712  (0.2s)
[human_or_worm PH fold 1/5] epoch 27/30  train_loss=0.5264  val_loss=0.5254  val_acc=0.7728  (0.2s)
[human_or_worm PH fold 1/5] epoch 28/30  train_loss=0.5256  val_loss=0.5247  val_acc=0.7736  (0.2s)
[human_or_worm PH fold 1/5] epoch 29/30  train_loss=0.5249  val_loss=0.5241  val_acc=0.7742  (0.2s)
[human_or_worm PH fold 1/5] epoch 30/30  train_loss=0.5243  val_loss=0.5235  val_acc=0.7748  (0.2s)
[human_or_worm PH fold 2/5] epoch 1/30  train_loss=0.6779  val_loss=0.6610  val_acc=0.6347  (0.2s)
[human_or_worm PH fold 2/5] epoch 2/30  train_loss=0.6490  val_loss=0.6422  val_acc=0.6415  (0.2s)
[human_or_worm PH fold 2/5] epoch 3/30  train_loss=0.6336  val_loss=0.6299  val_acc=0.6525  (0.2s)
[human_or_worm PH fold 2/5] epoch 4/30  train_loss=0.6220  val_loss=0.6193  val_acc=0.6642  (0.2s)
[human_or_worm PH fold 2/5] epoch 5/30  train_loss=0.6118  val_loss=0.6095  val_acc=0.6767  (0.2s)
[human_or_worm PH fold 2/5] epoch 6/30  train_loss=0.6025  val_loss=0.6008  val_acc=0.6878  (0.2s)
[human_or_worm PH fold 2/5] epoch 7/30  train_loss=0.5939  val_loss=0.5923  val_acc=0.6986  (0.2s)
[human_or_worm PH fold 2/5] epoch 8/30  train_loss=0.5859  val_loss=0.5846  val_acc=0.7068  (0.2s)
[human_or_worm PH fold 2/5] epoch 9/30  train_loss=0.5787  val_loss=0.5775  val_acc=0.7165  (0.2s)
[human_or_worm PH fold 2/5] epoch 10/30  train_loss=0.5720  val_loss=0.5710  val_acc=0.7241  (0.2s)
[human_or_worm PH fold 2/5] epoch 11/30  train_loss=0.5659  val_loss=0.5652  val_acc=0.7309  (0.2s)
[human_or_worm PH fold 2/5] epoch 12/30  train_loss=0.5603  val_loss=0.5599  val_acc=0.7381  (0.2s)
[human_or_worm PH fold 2/5] epoch 13/30  train_loss=0.5552  val_loss=0.5550  val_acc=0.7435  (0.2s)
[human_or_worm PH fold 2/5] epoch 14/30  train_loss=0.5506  val_loss=0.5505  val_acc=0.7486  (0.2s)
[human_or_worm PH fold 2/5] epoch 15/30  train_loss=0.5465  val_loss=0.5466  val_acc=0.7533  (0.2s)
[human_or_worm PH fold 2/5] epoch 16/30  train_loss=0.5427  val_loss=0.5430  val_acc=0.7580  (0.2s)
[human_or_worm PH fold 2/5] epoch 17/30  train_loss=0.5394  val_loss=0.5399  val_acc=0.7610  (0.2s)
[human_or_worm PH fold 2/5] epoch 18/30  train_loss=0.5364  val_loss=0.5370  val_acc=0.7653  (0.2s)
[human_or_worm PH fold 2/5] epoch 19/30  train_loss=0.5337  val_loss=0.5345  val_acc=0.7678  (0.2s)
[human_or_worm PH fold 2/5] epoch 20/30  train_loss=0.5314  val_loss=0.5323  val_acc=0.7696  (0.2s)
[human_or_worm PH fold 2/5] epoch 21/30  train_loss=0.5294  val_loss=0.5304  val_acc=0.7710  (0.2s)
[human_or_worm PH fold 2/5] epoch 22/30  train_loss=0.5276  val_loss=0.5287  val_acc=0.7726  (0.2s)
[human_or_worm PH fold 2/5] epoch 23/30  train_loss=0.5260  val_loss=0.5273  val_acc=0.7739  (0.2s)
[human_or_worm PH fold 2/5] epoch 24/30  train_loss=0.5247  val_loss=0.5261  val_acc=0.7754  (0.2s)
[human_or_worm PH fold 2/5] epoch 25/30  train_loss=0.5236  val_loss=0.5250  val_acc=0.7760  (0.2s)
[human_or_worm PH fold 2/5] epoch 26/30  train_loss=0.5226  val_loss=0.5242  val_acc=0.7760  (0.2s)
[human_or_worm PH fold 2/5] epoch 27/30  train_loss=0.5218  val_loss=0.5233  val_acc=0.7780  (0.2s)
[human_or_worm PH fold 2/5] epoch 28/30  train_loss=0.5210  val_loss=0.5226  val_acc=0.7776  (0.2s)
[human_or_worm PH fold 2/5] epoch 29/30  train_loss=0.5204  val_loss=0.5220  val_acc=0.7792  (0.2s)
[human_or_worm PH fold 2/5] epoch 30/30  train_loss=0.5197  val_loss=0.5214  val_acc=0.7799  (0.2s)
[human_or_worm PH fold 3/5] epoch 1/30  train_loss=0.6804  val_loss=0.6638  val_acc=0.6276  (0.2s)
[human_or_worm PH fold 3/5] epoch 2/30  train_loss=0.6536  val_loss=0.6449  val_acc=0.6402  (0.2s)
[human_or_worm PH fold 3/5] epoch 3/30  train_loss=0.6381  val_loss=0.6320  val_acc=0.6526  (0.2s)
[human_or_worm PH fold 3/5] epoch 4/30  train_loss=0.6264  val_loss=0.6213  val_acc=0.6636  (0.2s)
[human_or_worm PH fold 3/5] epoch 5/30  train_loss=0.6162  val_loss=0.6116  val_acc=0.6754  (0.2s)
[human_or_worm PH fold 3/5] epoch 6/30  train_loss=0.6068  val_loss=0.6029  val_acc=0.6850  (0.2s)
[human_or_worm PH fold 3/5] epoch 7/30  train_loss=0.5981  val_loss=0.5943  val_acc=0.6957  (0.2s)
[human_or_worm PH fold 3/5] epoch 8/30  train_loss=0.5900  val_loss=0.5868  val_acc=0.7036  (0.2s)
[human_or_worm PH fold 3/5] epoch 9/30  train_loss=0.5827  val_loss=0.5796  val_acc=0.7125  (0.2s)
[human_or_worm PH fold 3/5] epoch 10/30  train_loss=0.5758  val_loss=0.5732  val_acc=0.7194  (0.2s)
[human_or_worm PH fold 3/5] epoch 11/30  train_loss=0.5697  val_loss=0.5672  val_acc=0.7260  (0.2s)
[human_or_worm PH fold 3/5] epoch 12/30  train_loss=0.5640  val_loss=0.5619  val_acc=0.7340  (0.2s)
[human_or_worm PH fold 3/5] epoch 13/30  train_loss=0.5588  val_loss=0.5570  val_acc=0.7386  (0.2s)
[human_or_worm PH fold 3/5] epoch 14/30  train_loss=0.5541  val_loss=0.5524  val_acc=0.7449  (0.2s)
[human_or_worm PH fold 3/5] epoch 15/30  train_loss=0.5499  val_loss=0.5486  val_acc=0.7489  (0.2s)
[human_or_worm PH fold 3/5] epoch 16/30  train_loss=0.5460  val_loss=0.5449  val_acc=0.7534  (0.2s)
[human_or_worm PH fold 3/5] epoch 17/30  train_loss=0.5427  val_loss=0.5417  val_acc=0.7563  (0.2s)
[human_or_worm PH fold 3/5] epoch 18/30  train_loss=0.5396  val_loss=0.5389  val_acc=0.7613  (0.2s)
[human_or_worm PH fold 3/5] epoch 19/30  train_loss=0.5369  val_loss=0.5363  val_acc=0.7637  (0.2s)
[human_or_worm PH fold 3/5] epoch 20/30  train_loss=0.5345  val_loss=0.5341  val_acc=0.7655  (0.2s)
[human_or_worm PH fold 3/5] epoch 21/30  train_loss=0.5324  val_loss=0.5322  val_acc=0.7681  (0.2s)
[human_or_worm PH fold 3/5] epoch 22/30  train_loss=0.5306  val_loss=0.5305  val_acc=0.7703  (0.2s)
[human_or_worm PH fold 3/5] epoch 23/30  train_loss=0.5291  val_loss=0.5290  val_acc=0.7718  (0.2s)
[human_or_worm PH fold 3/5] epoch 24/30  train_loss=0.5277  val_loss=0.5278  val_acc=0.7733  (0.2s)
[human_or_worm PH fold 3/5] epoch 25/30  train_loss=0.5265  val_loss=0.5267  val_acc=0.7743  (0.2s)
[human_or_worm PH fold 3/5] epoch 26/30  train_loss=0.5255  val_loss=0.5258  val_acc=0.7750  (0.2s)
[human_or_worm PH fold 3/5] epoch 27/30  train_loss=0.5246  val_loss=0.5250  val_acc=0.7765  (0.2s)
[human_or_worm PH fold 3/5] epoch 28/30  train_loss=0.5239  val_loss=0.5242  val_acc=0.7770  (0.2s)
[human_or_worm PH fold 3/5] epoch 29/30  train_loss=0.5232  val_loss=0.5236  val_acc=0.7774  (0.2s)
[human_or_worm PH fold 3/5] epoch 30/30  train_loss=0.5226  val_loss=0.5230  val_acc=0.7782  (0.2s)
[human_or_worm PH fold 4/5] epoch 1/30  train_loss=0.6989  val_loss=0.6651  val_acc=0.6263  (0.2s)
[human_or_worm PH fold 4/5] epoch 2/30  train_loss=0.6579  val_loss=0.6501  val_acc=0.6303  (0.2s)
[human_or_worm PH fold 4/5] epoch 3/30  train_loss=0.6453  val_loss=0.6391  val_acc=0.6390  (0.2s)
[human_or_worm PH fold 4/5] epoch 4/30  train_loss=0.6356  val_loss=0.6301  val_acc=0.6495  (0.2s)
[human_or_worm PH fold 4/5] epoch 5/30  train_loss=0.6270  val_loss=0.6218  val_acc=0.6607  (0.2s)
[human_or_worm PH fold 4/5] epoch 6/30  train_loss=0.6189  val_loss=0.6138  val_acc=0.6724  (0.2s)
[human_or_worm PH fold 4/5] epoch 7/30  train_loss=0.6111  val_loss=0.6061  val_acc=0.6814  (0.2s)
[human_or_worm PH fold 4/5] epoch 8/30  train_loss=0.6035  val_loss=0.5990  val_acc=0.6872  (0.2s)
[human_or_worm PH fold 4/5] epoch 9/30  train_loss=0.5965  val_loss=0.5919  val_acc=0.6985  (0.2s)
[human_or_worm PH fold 4/5] epoch 10/30  train_loss=0.5898  val_loss=0.5855  val_acc=0.7053  (0.2s)
[human_or_worm PH fold 4/5] epoch 11/30  train_loss=0.5836  val_loss=0.5795  val_acc=0.7135  (0.2s)
[human_or_worm PH fold 4/5] epoch 12/30  train_loss=0.5779  val_loss=0.5740  val_acc=0.7208  (0.2s)
[human_or_worm PH fold 4/5] epoch 13/30  train_loss=0.5726  val_loss=0.5690  val_acc=0.7268  (0.2s)
[human_or_worm PH fold 4/5] epoch 14/30  train_loss=0.5677  val_loss=0.5642  val_acc=0.7336  (0.2s)
[human_or_worm PH fold 4/5] epoch 15/30  train_loss=0.5633  val_loss=0.5602  val_acc=0.7376  (0.2s)
[human_or_worm PH fold 4/5] epoch 16/30  train_loss=0.5593  val_loss=0.5562  val_acc=0.7432  (0.2s)
[human_or_worm PH fold 4/5] epoch 17/30  train_loss=0.5557  val_loss=0.5527  val_acc=0.7467  (0.2s)
[human_or_worm PH fold 4/5] epoch 18/30  train_loss=0.5524  val_loss=0.5499  val_acc=0.7506  (0.2s)
[human_or_worm PH fold 4/5] epoch 19/30  train_loss=0.5496  val_loss=0.5471  val_acc=0.7537  (0.2s)
[human_or_worm PH fold 4/5] epoch 20/30  train_loss=0.5471  val_loss=0.5446  val_acc=0.7563  (0.2s)
[human_or_worm PH fold 4/5] epoch 21/30  train_loss=0.5448  val_loss=0.5425  val_acc=0.7591  (0.2s)
[human_or_worm PH fold 4/5] epoch 22/30  train_loss=0.5429  val_loss=0.5407  val_acc=0.7615  (0.2s)
[human_or_worm PH fold 4/5] epoch 23/30  train_loss=0.5412  val_loss=0.5391  val_acc=0.7633  (0.2s)
[human_or_worm PH fold 4/5] epoch 24/30  train_loss=0.5397  val_loss=0.5378  val_acc=0.7652  (0.2s)
[human_or_worm PH fold 4/5] epoch 25/30  train_loss=0.5385  val_loss=0.5366  val_acc=0.7666  (0.2s)
[human_or_worm PH fold 4/5] epoch 26/30  train_loss=0.5374  val_loss=0.5356  val_acc=0.7668  (0.2s)
[human_or_worm PH fold 4/5] epoch 27/30  train_loss=0.5365  val_loss=0.5347  val_acc=0.7686  (0.2s)
[human_or_worm PH fold 4/5] epoch 28/30  train_loss=0.5356  val_loss=0.5339  val_acc=0.7695  (0.2s)
[human_or_worm PH fold 4/5] epoch 29/30  train_loss=0.5349  val_loss=0.5332  val_acc=0.7705  (0.2s)
[human_or_worm PH fold 4/5] epoch 30/30  train_loss=0.5342  val_loss=0.5326  val_acc=0.7711  (0.2s)
[human_or_worm PH fold 5/5] epoch 1/30  train_loss=0.6771  val_loss=0.6599  val_acc=0.6230  (0.2s)
[human_or_worm PH fold 5/5] epoch 2/30  train_loss=0.6509  val_loss=0.6422  val_acc=0.6351  (0.2s)
[human_or_worm PH fold 5/5] epoch 3/30  train_loss=0.6366  val_loss=0.6299  val_acc=0.6486  (0.2s)
[human_or_worm PH fold 5/5] epoch 4/30  train_loss=0.6252  val_loss=0.6191  val_acc=0.6634  (0.2s)
[human_or_worm PH fold 5/5] epoch 5/30  train_loss=0.6149  val_loss=0.6092  val_acc=0.6765  (0.2s)
[human_or_worm PH fold 5/5] epoch 6/30  train_loss=0.6055  val_loss=0.6005  val_acc=0.6900  (0.2s)
[human_or_worm PH fold 5/5] epoch 7/30  train_loss=0.5967  val_loss=0.5918  val_acc=0.6994  (0.2s)
[human_or_worm PH fold 5/5] epoch 8/30  train_loss=0.5886  val_loss=0.5842  val_acc=0.7062  (0.2s)
[human_or_worm PH fold 5/5] epoch 9/30  train_loss=0.5813  val_loss=0.5770  val_acc=0.7176  (0.2s)
[human_or_worm PH fold 5/5] epoch 10/30  train_loss=0.5745  val_loss=0.5705  val_acc=0.7238  (0.2s)
[human_or_worm PH fold 5/5] epoch 11/30  train_loss=0.5683  val_loss=0.5646  val_acc=0.7311  (0.2s)
[human_or_worm PH fold 5/5] epoch 12/30  train_loss=0.5626  val_loss=0.5593  val_acc=0.7359  (0.2s)
[human_or_worm PH fold 5/5] epoch 13/30  train_loss=0.5575  val_loss=0.5543  val_acc=0.7429  (0.2s)
[human_or_worm PH fold 5/5] epoch 14/30  train_loss=0.5528  val_loss=0.5499  val_acc=0.7477  (0.2s)
[human_or_worm PH fold 5/5] epoch 15/30  train_loss=0.5486  val_loss=0.5459  val_acc=0.7530  (0.2s)
[human_or_worm PH fold 5/5] epoch 16/30  train_loss=0.5448  val_loss=0.5422  val_acc=0.7572  (0.2s)
[human_or_worm PH fold 5/5] epoch 17/30  train_loss=0.5415  val_loss=0.5391  val_acc=0.7594  (0.2s)
[human_or_worm PH fold 5/5] epoch 18/30  train_loss=0.5384  val_loss=0.5363  val_acc=0.7640  (0.2s)
[human_or_worm PH fold 5/5] epoch 19/30  train_loss=0.5357  val_loss=0.5337  val_acc=0.7661  (0.2s)
[human_or_worm PH fold 5/5] epoch 20/30  train_loss=0.5334  val_loss=0.5315  val_acc=0.7670  (0.2s)
[human_or_worm PH fold 5/5] epoch 21/30  train_loss=0.5313  val_loss=0.5296  val_acc=0.7690  (0.2s)
[human_or_worm PH fold 5/5] epoch 22/30  train_loss=0.5296  val_loss=0.5279  val_acc=0.7710  (0.2s)
[human_or_worm PH fold 5/5] epoch 23/30  train_loss=0.5280  val_loss=0.5265  val_acc=0.7719  (0.2s)
[human_or_worm PH fold 5/5] epoch 24/30  train_loss=0.5266  val_loss=0.5252  val_acc=0.7751  (0.2s)
[human_or_worm PH fold 5/5] epoch 25/30  train_loss=0.5255  val_loss=0.5242  val_acc=0.7738  (0.2s)
[human_or_worm PH fold 5/5] epoch 26/30  train_loss=0.5245  val_loss=0.5233  val_acc=0.7748  (0.2s)
[human_or_worm PH fold 5/5] epoch 27/30  train_loss=0.5236  val_loss=0.5225  val_acc=0.7769  (0.2s)
[human_or_worm PH fold 5/5] epoch 28/30  train_loss=0.5229  val_loss=0.5217  val_acc=0.7775  (0.2s)
[human_or_worm PH fold 5/5] epoch 29/30  train_loss=0.5222  val_loss=0.5211  val_acc=0.7782  (0.2s)
[human_or_worm PH fold 5/5] epoch 30/30  train_loss=0.5216  val_loss=0.5205  val_acc=0.7800  (0.2s)

=== human_or_worm / Caduceus-PH (frozen backbone, linear probe) ===
  ours:  0.7768 ± 0.0034  per-fold=['0.7748', '0.7799', '0.7782', '0.7711', '0.7800']
  paper: 0.9730 ± 0.0010  (full fine-tune)
  delta: -19.62 pp
